android/app/build/intermediates/manifest_merge_blame_file/release/manifest-merger-blame-release-report.txt
1<?xml version="1.0" encoding="utf-8"?>
2<manifest xmlns:android="http://schemas.android.com/apk/res/android"
3    package="com.example.u_connect"
4    android:versionCode="1"
5    android:versionName="1.0.0" >
6
7    <uses-sdk
8        android:minSdkVersion="24"
8-->src\main\AndroidManifest.xml
9        android:targetSdkVersion="28" />
9-->src\main\AndroidManifest.xml
10
11    <uses-permission android:name="android.permission.READ_PHONE_STATE" />
11-->src\main\AndroidManifest.xml:3:5-74
11-->src\main\AndroidManifest.xml:3:22-72
12    <uses-permission android:name="android.permission.INTERNET" />
12-->src\main\AndroidManifest.xml:4:1-63
12-->src\main\AndroidManifest.xml:4:18-60
13    <uses-permission android:name="android.permission.RECORD_AUDIO" />
13-->src\main\AndroidManifest.xml:5:1-67
13-->src\main\AndroidManifest.xml:5:18-64
14    <uses-permission android:name="android.permission.CAMERA" />
14-->src\main\AndroidManifest.xml:6:1-61
14-->src\main\AndroidManifest.xml:6:18-58
15    <uses-permission android:name="android.permission.MODIFY_AUDIO_SETTINGS" />
15-->src\main\AndroidManifest.xml:7:1-76
15-->src\main\AndroidManifest.xml:7:18-73
16    <uses-permission android:name="android.permission.ACCESS_NETWORK_STATE" />
16-->src\main\AndroidManifest.xml:8:1-75
16-->src\main\AndroidManifest.xml:8:18-72
17
18    <!-- The Agora SDK requires Bluetooth permissions in case users are using Bluetooth devices. -->
19    <uses-permission android:name="android.permission.BLUETOOTH" />
19-->src\main\AndroidManifest.xml:11:1-64
19-->src\main\AndroidManifest.xml:11:18-61
20    <uses-permission android:name="android.permission.READ_EXTERNAL_STORAGE" />
20-->[:image_picker] AndroidManifest.xml:7:5-80
20-->[:image_picker] AndroidManifest.xml:7:22-77
21    <uses-permission android:name="android.permission.WRITE_EXTERNAL_STORAGE" />
21-->[:image_picker] AndroidManifest.xml:8:5-81
21-->[:image_picker] AndroidManifest.xml:8:22-78
22    <!--
23 io.flutter.app.FlutterApplication is an android.app.Application that
24         calls FlutterMain.startInitialization(this); in its onCreate method.
25         In most cases you can leave this as-is, but you if you want to provide
26         additional functionality it is fine to subclass or reimplement
27         FlutterApplication and put your custom class here.
28    -->
29    <application
29-->src\main\AndroidManifest.xml:17:5-55:19
30        android:name="io.flutter.app.FlutterApplication"
30-->src\main\AndroidManifest.xml:18:9-57
31        android:appComponentFactory="androidx.core.app.CoreComponentFactory"
31-->[androidx.core:core:1.1.0] AndroidManifest.xml:24:18-86
32        android:icon="@mipmap/ic_launcher"
32-->src\main\AndroidManifest.xml:20:9-43
33        android:label="u_connect" >
33-->src\main\AndroidManifest.xml:19:9-34
34        <activity
34-->src\main\AndroidManifest.xml:21:9-49:20
35            android:name="com.example.u_connect.MainActivity"
35-->src\main\AndroidManifest.xml:22:13-41
36            android:configChanges="orientation|keyboardHidden|keyboard|screenSize|smallestScreenSize|locale|layoutDirection|fontScale|screenLayout|density|uiMode"
36-->src\main\AndroidManifest.xml:25:13-163
37            android:hardwareAccelerated="true"
37-->src\main\AndroidManifest.xml:26:13-47
38            android:launchMode="singleTop"
38-->src\main\AndroidManifest.xml:23:13-43
39            android:theme="@style/LaunchTheme"
39-->src\main\AndroidManifest.xml:24:13-47
40            android:windowSoftInputMode="adjustResize" >
40-->src\main\AndroidManifest.xml:27:13-55
41
42            <!--
43                 Specifies an Android theme to apply to this Activity as soon as
44                 the Android process has started. This theme is visible to the user
45                 while the Flutter UI initializes. After that, this theme continues
46                 to determine the Window background behind the Flutter UI.
47            -->
48            <meta-data
48-->src\main\AndroidManifest.xml:32:13-35:17
49                android:name="io.flutter.embedding.android.NormalTheme"
49-->src\main\AndroidManifest.xml:33:15-70
50                android:resource="@style/NormalTheme" />
50-->src\main\AndroidManifest.xml:34:15-52
51            <!--
52                 Displays an Android View that continues showing the launch screen
53                 Drawable until Flutter paints its first frame, then this splash
54                 screen fades out. A splash screen is useful to avoid any visual
55                 gap between the end of Android's launch screen and the painting of
56                 Flutter's first frame.
57            -->
58            <meta-data
58-->src\main\AndroidManifest.xml:41:13-44:17
59                android:name="io.flutter.embedding.android.SplashScreenDrawable"
59-->src\main\AndroidManifest.xml:42:15-79
60                android:resource="@drawable/launch_background" />
60-->src\main\AndroidManifest.xml:43:15-61
61
62            <intent-filter>
62-->src\main\AndroidManifest.xml:45:13-48:29
63                <action android:name="android.intent.action.MAIN" />
63-->src\main\AndroidManifest.xml:46:17-68
63-->src\main\AndroidManifest.xml:46:25-66
64
65                <category android:name="android.intent.category.LAUNCHER" />
65-->src\main\AndroidManifest.xml:47:17-76
65-->src\main\AndroidManifest.xml:47:27-74
66            </intent-filter>
67        </activity>
68        <!--
69             Don't delete the meta-data below.
70             This is used by the Flutter tool to generate GeneratedPluginRegistrant.java
71        -->
72        <meta-data
72-->src\main\AndroidManifest.xml:52:9-54:33
73            android:name="flutterEmbedding"
73-->src\main\AndroidManifest.xml:53:13-44
74            android:value="2" />
74-->src\main\AndroidManifest.xml:54:13-30
75
76        <service
76-->[:firebase_auth] AndroidManifest.xml:8:9-12:19
77            android:name="com.google.firebase.components.ComponentDiscoveryService"
77-->[:firebase_auth] AndroidManifest.xml:8:18-89
78            android:directBootAware="true"
78-->[com.google.firebase:firebase-common:19.3.0] AndroidManifest.xml:34:13-43
79            android:exported="false" >
79-->[com.google.firebase:firebase-firestore:21.3.0] AndroidManifest.xml:19:13-37
80            <meta-data
80-->[:firebase_auth] AndroidManifest.xml:9:13-11:85
81                android:name="com.google.firebase.components:io.flutter.plugins.firebaseauth.FlutterFirebaseAppRegistrar"
81-->[:firebase_auth] AndroidManifest.xml:10:17-122
82                android:value="com.google.firebase.components.ComponentRegistrar" />
82-->[:firebase_auth] AndroidManifest.xml:11:17-82
83            <meta-data
83-->[:firebase_storage] AndroidManifest.xml:9:13-11:85
84                android:name="com.google.firebase.components:io.flutter.plugins.firebase.storage.FlutterFirebaseAppRegistrar"
84-->[:firebase_storage] AndroidManifest.xml:10:17-126
85                android:value="com.google.firebase.components.ComponentRegistrar" />
85-->[:firebase_storage] AndroidManifest.xml:11:17-82
86            <meta-data
86-->[:cloud_firestore] AndroidManifest.xml:9:13-11:85
87                android:name="com.google.firebase.components:io.flutter.plugins.firebase.cloudfirestore.FlutterFirebaseAppRegistrar"
87-->[:cloud_firestore] AndroidManifest.xml:10:17-133
88                android:value="com.google.firebase.components.ComponentRegistrar" />
88-->[:cloud_firestore] AndroidManifest.xml:11:17-82
89            <meta-data
89-->[:firebase_core] AndroidManifest.xml:9:13-11:85
90                android:name="com.google.firebase.components:io.flutter.plugins.firebase.core.FlutterFirebaseAppRegistrar"
90-->[:firebase_core] AndroidManifest.xml:10:17-123
91                android:value="com.google.firebase.components.ComponentRegistrar" />
91-->[:firebase_core] AndroidManifest.xml:11:17-82
92            <meta-data
92-->[com.google.firebase:firebase-firestore:21.3.0] AndroidManifest.xml:20:13-22:85
93                android:name="com.google.firebase.components:com.google.firebase.firestore.FirestoreRegistrar"
93-->[com.google.firebase:firebase-firestore:21.3.0] AndroidManifest.xml:21:17-111
94                android:value="com.google.firebase.components.ComponentRegistrar" />
94-->[com.google.firebase:firebase-firestore:21.3.0] AndroidManifest.xml:22:17-82
95            <meta-data
95-->[com.google.firebase:firebase-storage:17.0.0] AndroidManifest.xml:31:13-33:85
96                android:name="com.google.firebase.components:com.google.firebase.storage.StorageRegistrar"
96-->[com.google.firebase:firebase-storage:17.0.0] AndroidManifest.xml:32:17-107
97                android:value="com.google.firebase.components.ComponentRegistrar" />
97-->[com.google.firebase:firebase-storage:17.0.0] AndroidManifest.xml:33:17-82
98            <meta-data
98-->[com.google.firebase:firebase-auth:19.2.0] AndroidManifest.xml:36:13-38:85
99                android:name="com.google.firebase.components:com.google.firebase.auth.FirebaseAuthRegistrar"
99-->[com.google.firebase:firebase-auth:19.2.0] AndroidManifest.xml:37:17-109
100                android:value="com.google.firebase.components.ComponentRegistrar" />
100-->[com.google.firebase:firebase-auth:19.2.0] AndroidManifest.xml:38:17-82
101        </service>
102
103        <provider
103-->[:image_picker] AndroidManifest.xml:11:9-19:20
104            android:name="io.flutter.plugins.imagepicker.ImagePickerFileProvider"
104-->[:image_picker] AndroidManifest.xml:12:13-82
105            android:authorities="com.example.u_connect.flutter.image_provider"
105-->[:image_picker] AndroidManifest.xml:13:13-74
106            android:exported="false"
106-->[:image_picker] AndroidManifest.xml:14:13-37
107            android:grantUriPermissions="true" >
107-->[:image_picker] AndroidManifest.xml:15:13-47
108            <meta-data
108-->[:image_picker] AndroidManifest.xml:16:13-18:75
109                android:name="android.support.FILE_PROVIDER_PATHS"
109-->[:image_picker] AndroidManifest.xml:17:17-67
110                android:resource="@xml/flutter_image_picker_file_paths" />
110-->[:image_picker] AndroidManifest.xml:18:17-72
111        </provider>
112
113        <activity
113-->[com.google.android.gms:play-services-auth:16.0.1] AndroidManifest.xml:23:9-27:75
114            android:name="com.google.android.gms.auth.api.signin.internal.SignInHubActivity"
114-->[com.google.android.gms:play-services-auth:16.0.1] AndroidManifest.xml:24:13-93
115            android:excludeFromRecents="true"
115-->[com.google.android.gms:play-services-auth:16.0.1] AndroidManifest.xml:25:13-46
116            android:exported="false"
116-->[com.google.android.gms:play-services-auth:16.0.1] AndroidManifest.xml:26:13-37
117            android:theme="@android:style/Theme.Translucent.NoTitleBar" />
117-->[com.google.android.gms:play-services-auth:16.0.1] AndroidManifest.xml:27:13-72
118        <!--
119            Service handling Google Sign-In user revocation. For apps that do not integrate with
120            Google Sign-In, this service will never be started.
121        -->
122        <service
122-->[com.google.android.gms:play-services-auth:16.0.1] AndroidManifest.xml:33:9-36:110
123            android:name="com.google.android.gms.auth.api.signin.RevocationBoundService"
123-->[com.google.android.gms:play-services-auth:16.0.1] AndroidManifest.xml:34:13-89
124            android:exported="true"
124-->[com.google.android.gms:play-services-auth:16.0.1] AndroidManifest.xml:35:13-36
125            android:permission="com.google.android.gms.auth.api.signin.permission.REVOCATION_NOTIFICATION" />
125-->[com.google.android.gms:play-services-auth:16.0.1] AndroidManifest.xml:36:13-107
126
127        <activity
127-->[com.google.firebase:firebase-auth:19.2.0] AndroidManifest.xml:24:9-31:50
128            android:name="com.google.firebase.auth.internal.FederatedSignInActivity"
128-->[com.google.firebase:firebase-auth:19.2.0] AndroidManifest.xml:25:13-85
129            android:excludeFromRecents="true"
129-->[com.google.firebase:firebase-auth:19.2.0] AndroidManifest.xml:26:13-46
130            android:exported="true"
130-->[com.google.firebase:firebase-auth:19.2.0] AndroidManifest.xml:27:13-36
131            android:launchMode="singleTask"
131-->[com.google.firebase:firebase-auth:19.2.0] AndroidManifest.xml:28:13-44
132            android:permission="com.google.firebase.auth.api.gms.permission.LAUNCH_FEDERATED_SIGN_IN"
132-->[com.google.firebase:firebase-auth:19.2.0] AndroidManifest.xml:29:13-102
133            android:theme="@android:style/Theme.Translucent.NoTitleBar" />
133-->[com.google.firebase:firebase-auth:19.2.0] AndroidManifest.xml:30:13-72
134
135        <provider
135-->[com.google.firebase:firebase-common:19.3.0] AndroidManifest.xml:26:9-30:39
136            android:name="com.google.firebase.provider.FirebaseInitProvider"
136-->[com.google.firebase:firebase-common:19.3.0] AndroidManifest.xml:27:13-77
137            android:authorities="com.example.u_connect.firebaseinitprovider"
137-->[com.google.firebase:firebase-common:19.3.0] AndroidManifest.xml:28:13-72
138            android:exported="false"
138-->[com.google.firebase:firebase-common:19.3.0] AndroidManifest.xml:29:13-37
139            android:initOrder="100" />
139-->[com.google.firebase:firebase-common:19.3.0] AndroidManifest.xml:30:13-36
140
141        <activity
141-->[com.google.android.gms:play-services-base:17.1.0] AndroidManifest.xml:23:9-26:75
142            android:name="com.google.android.gms.common.api.GoogleApiActivity"
142-->[com.google.android.gms:play-services-base:17.1.0] AndroidManifest.xml:24:13-79
143            android:exported="false"
143-->[com.google.android.gms:play-services-base:17.1.0] AndroidManifest.xml:25:13-37
144            android:theme="@android:style/Theme.Translucent.NoTitleBar" />
144-->[com.google.android.gms:play-services-base:17.1.0] AndroidManifest.xml:26:13-72
145
146        <meta-data
146-->[com.google.android.gms:play-services-basement:17.0.0] AndroidManifest.xml:23:9-25:69
147            android:name="com.google.android.gms.version"
147-->[com.google.android.gms:play-services-basement:17.0.0] AndroidManifest.xml:24:13-58
148            android:value="@integer/google_play_services_version" />
148-->[com.google.android.gms:play-services-basement:17.0.0] AndroidManifest.xml:25:13-66
149    </application>
150
151</manifest>